<?xml version="1.0" encoding="UTF-8"?>
<testsuite xmlns:xsi="http://www.w3.org/2001/XMLSchema-instance" xsi:noNamespaceSchemaLocation="https://maven.apache.org/surefire/maven-surefire-plugin/xsd/surefire-test-report.xsd" version="3.0.2" name="cucumber.Options.TestRunner" time="17.582" tests="2" errors="0" skipped="0" failures="0">
  <properties>
[...]
</properties>
  <testcase name="Verify if Place is being Succesfully added using AddPlaceAPI" classname="Validating Place API&apos;s" time="12.131">
    <system-out><![CDATA[/maps/api/place/add/json
GET Response:
{"status":"OK","place_id":"9b2f28bbc8f4f92c41e9ebc9034106ac","scope":"APP","reference":"a31374b0b9dca6ddae32d43b34dd6bdaa31374b0b9dca6ddae32d43b34dd6bda","id":"a31374b0b9dca6ddae32d43b34dd6bda"}
/maps/api/place/get/json
GET Response:
{"location":{"latitude":"-38.383494","longitude":"33.427362"},"accuracy":"50","name":"Aishanvi","phone_number":"(+91) 983 893 3937","address":"Hemadri, Kotturu","types":"shoe park,shop","website":"https:\/\/rahulshettyacademy.com","language":"Kannada"}
]]></system-out>
  </testcase>
  <testcase name="Verify if Delete Place functionality is working" classname="Validating Place API&apos;s" time="3.746">
    <system-out><![CDATA[/maps/api/place/delete/json
GET Response:
{"status":"OK"}
]]></system-out>
  </testcase>
</testsuite>